{
  "stats": {
    "suites": 1,
    "tests": 2,
    "passes": 0,
    "pending": 0,
    "failures": 2,
    "start": "2024-06-25T21:01:29.509Z",
    "end": "2024-06-25T21:01:53.695Z",
    "duration": 24186,
    "testsRegistered": 2,
    "passPercent": 0,
    "pendingPercent": 0,
    "other": 0,
    "hasOther": false,
    "skipped": 0,
    "hasSkipped": false
  },
  "results": [
    {
      "uuid": "02bcb5d8-03fb-49f3-b44f-df6a3157cbf8",
      "title": "",
      "fullFile": "cypress\\e2e\\websites\\parabank\\login.cy.js",
      "file": "cypress\\e2e\\websites\\parabank\\login.cy.js",
      "beforeHooks": [],
      "afterHooks": [],
      "tests": [],
      "suites": [
        {
          "uuid": "a5ff272c-acfd-4266-8e06-51aaf9d5b175",
          "title": "test bank login",
          "fullFile": "",
          "file": "",
          "beforeHooks": [],
          "afterHooks": [],
          "tests": [
            {
              "title": "test if i can login with inccorect credentials",
              "fullTitle": "test bank login test if i can login with inccorect credentials",
              "timedOut": null,
              "duration": 10478,
              "state": "failed",
              "speed": null,
              "pass": false,
              "fail": true,
              "pending": false,
              "context": null,
              "code": "cy.get('#loginPanel input[type=\"text\"]').type(\"dasdsa\");\ncy.get('#loginPanel input[type=\"password\"]').type(\"password1\");\ncy.get('input[type=\"submit\"]').click();\ncy.get(\".error\").should(\"be.visible\").contains(\"An internal error has occurred and has been logged.\");",
              "err": {
                "message": "AssertionError: Timed out retrying after 4000ms: Expected to find content: 'An internal error has occurred and has been logged.' within the element: <p.error> but never did.",
                "estack": "AssertionError: Timed out retrying after 4000ms: Expected to find content: 'An internal error has occurred and has been logged.' within the element: <p.error> but never did.\n    at Context.eval (webpack://browser-game/./cypress/e2e/websites/parabank/login.cy.js:14:7)",
                "diff": null
              },
              "uuid": "9ea816c7-e3c1-4a58-b29d-3180b73de366",
              "parentUUID": "a5ff272c-acfd-4266-8e06-51aaf9d5b175",
              "isHook": false,
              "skipped": false
            },
            {
              "title": "Login with correct credentials",
              "fullTitle": "test bank login Login with correct credentials",
              "timedOut": null,
              "duration": 9108,
              "state": "failed",
              "speed": null,
              "pass": false,
              "fail": true,
              "pending": false,
              "context": null,
              "code": "cy.get('#loginPanel input[type=\"text\"]').type(\"Datureli11\");\ncy.get('#loginPanel input[type=\"password\"]').type(\"Pawel123\");\ncy.get('input[type=\"submit\"]').click();\ncy.get(\".smallText\").should(\"be.visible\").invoke(\"text\").should(\"include\", \"Welcome John Smith\");",
              "err": {
                "message": "AssertionError: Timed out retrying after 4000ms: Expected to find element: `.smallText`, but never found it.",
                "estack": "AssertionError: Timed out retrying after 4000ms: Expected to find element: `.smallText`, but never found it.\n    at Context.eval (webpack://browser-game/./cypress/e2e/websites/parabank/login.cy.js:24:7)",
                "diff": null
              },
              "uuid": "5bcd65f1-80b5-444e-8671-a668a5c22025",
              "parentUUID": "a5ff272c-acfd-4266-8e06-51aaf9d5b175",
              "isHook": false,
              "skipped": false
            }
          ],
          "suites": [],
          "passes": [],
          "failures": [
            "9ea816c7-e3c1-4a58-b29d-3180b73de366",
            "5bcd65f1-80b5-444e-8671-a668a5c22025"
          ],
          "pending": [],
          "skipped": [],
          "duration": 19586,
          "root": false,
          "rootEmpty": false,
          "_timeout": 2000
        }
      ],
      "passes": [],
      "failures": [],
      "pending": [],
      "skipped": [],
      "duration": 0,
      "root": true,
      "rootEmpty": true,
      "_timeout": 2000
    }
  ],
  "meta": {
    "mocha": {
      "version": "7.0.1"
    },
    "mochawesome": {
      "options": {
        "quiet": false,
        "reportFilename": "mochawesome",
        "saveHtml": false,
        "saveJson": true,
        "consoleReporter": "spec",
        "useInlineDiffs": false,
        "code": true
      },
      "version": "7.1.3"
    },
    "marge": {
      "options": {
        "reportDir": "cypress\\reports\\.jsons",
        "overwrite": false,
        "html": false,
        "json": true
      },
      "version": "6.2.0"
    }
  }
}