{
  "stats": {
    "suites": 1,
    "tests": 5,
    "passes": 2,
    "pending": 0,
    "failures": 3,
    "start": "2024-06-25T21:02:45.242Z",
    "end": "2024-06-25T21:03:12.270Z",
    "duration": 27028,
    "testsRegistered": 5,
    "passPercent": 40,
    "pendingPercent": 0,
    "other": 0,
    "hasOther": false,
    "skipped": 0,
    "hasSkipped": false
  },
  "results": [
    {
      "uuid": "febb79e2-43ba-4035-ac97-2add2821b3d0",
      "title": "",
      "fullFile": "cypress\\e2e\\websites\\demo-bank\\dashboard\\quickPayment.cy.js",
      "file": "cypress\\e2e\\websites\\demo-bank\\dashboard\\quickPayment.cy.js",
      "beforeHooks": [],
      "afterHooks": [],
      "tests": [],
      "suites": [
        {
          "uuid": "081ea541-4485-4b1a-8499-11c49176b452",
          "title": "test user desktop",
          "fullFile": "",
          "file": "",
          "beforeHooks": [],
          "afterHooks": [],
          "tests": [
            {
              "title": "quick payments data",
              "fullTitle": "test user desktop quick payments data",
              "timedOut": null,
              "duration": 3086,
              "state": "passed",
              "speed": "fast",
              "pass": true,
              "fail": false,
              "pending": false,
              "context": null,
              "code": "cy.get(\"#widget_1_transfer_receiver\").select(1);\ncy.get(\"#widget_1_transfer_amount\").clear().type(11.20);\ncy.get(\"#widget_1_transfer_title\").type(\"Przelew za książki\");\ncy.get(\"#execute_btn\").click();\ncy.get(\"#show_messages\").should(\"be.visible\").should('have.text', 'Przelew wykonany! Jan Demobankowy - 11,20PLN - zasileniePrzelew za książki');",
              "err": {},
              "uuid": "9b57d553-9318-48f9-93c0-a15ac83df335",
              "parentUUID": "081ea541-4485-4b1a-8499-11c49176b452",
              "isHook": false,
              "skipped": false
            },
            {
              "title": "fill title data with empty spaces",
              "fullTitle": "test user desktop fill title data with empty spaces",
              "timedOut": null,
              "duration": 5342,
              "state": "failed",
              "speed": null,
              "pass": false,
              "fail": true,
              "pending": false,
              "context": null,
              "code": "cy.get(\"#widget_1_transfer_receiver\").select(1);\ncy.get(\"#widget_1_transfer_title\").type(\" \");\ncy.get(\"#error_widget_1_transfer_title\").should('have.text', 'Pole wymagane');\n// false, quick payment accept empty title",
              "err": {
                "message": "AssertionError: Timed out retrying after 4000ms: Expected to find element: `#error_widget_1_transfer_title`, but never found it.",
                "estack": "AssertionError: Timed out retrying after 4000ms: Expected to find element: `#error_widget_1_transfer_title`, but never found it.\n    at Context.eval (webpack://browser-game/./cypress/e2e/websites/demo-bank/dashboard/quickPayment.cy.js:20:45)",
                "diff": null
              },
              "uuid": "c3226b75-7a70-491e-b3f1-c6966768128e",
              "parentUUID": "081ea541-4485-4b1a-8499-11c49176b452",
              "isHook": false,
              "skipped": false
            },
            {
              "title": "Test maximum value of transfer",
              "fullTitle": "test user desktop Test maximum value of transfer",
              "timedOut": null,
              "duration": 1691,
              "state": "passed",
              "speed": "fast",
              "pass": true,
              "fail": false,
              "pending": false,
              "context": null,
              "code": "cy.get(\"#widget_1_transfer_amount\").type(99999999999);\ncy.get(\"#widget_1_transfer_title\").type(\"dsadas\");\ncy.get(\"#error_widget_1_transfer_amount\").should('have.text', 'kwota musi być mniejsza od 1000000');",
              "err": {},
              "uuid": "70085124-4673-4545-8f40-bd8c43e54f56",
              "parentUUID": "081ea541-4485-4b1a-8499-11c49176b452",
              "isHook": false,
              "skipped": false
            },
            {
              "title": "send quick payment with value of 0$",
              "fullTitle": "test user desktop send quick payment with value of 0$",
              "timedOut": null,
              "duration": 5746,
              "state": "failed",
              "speed": null,
              "pass": false,
              "fail": true,
              "pending": false,
              "context": null,
              "code": "cy.get(\"#widget_1_transfer_receiver\").select(1);\ncy.get(\"#widget_1_transfer_amount\").clear().type(0);\ncy.get(\"#widget_1_transfer_title\").type(\"Przelew\");\ncy.get(\"#execute_btn\").click();\ncy.get(\"#show_messages\").should(\"not.be.visible\");\n// false - user can send payment with value 0",
              "err": {
                "message": "AssertionError: Timed out retrying after 4000ms: expected '<span#show_messages.highlight>' not to be 'visible'",
                "estack": "AssertionError: Timed out retrying after 4000ms: expected '<span#show_messages.highlight>' not to be 'visible'\n    at Context.eval (webpack://browser-game/./cypress/e2e/websites/demo-bank/dashboard/quickPayment.cy.js:37:29)",
                "diff": null
              },
              "uuid": "fe69fbca-6c0c-4218-9514-f9650d43df68",
              "parentUUID": "081ea541-4485-4b1a-8499-11c49176b452",
              "isHook": false,
              "skipped": false
            },
            {
              "title": "send quick payment with instad of value",
              "fullTitle": "test user desktop send quick payment with instad of value",
              "timedOut": null,
              "duration": 6002,
              "state": "failed",
              "speed": null,
              "pass": false,
              "fail": true,
              "pending": false,
              "context": null,
              "code": "cy.get(\"#widget_1_transfer_receiver\").select(1);\ncy.get(\"#widget_1_transfer_amount\").clear().type(\",,,,\");\ncy.get(\"#widget_1_transfer_title\").type(\"Przelew\");\ncy.get(\"#execute_btn\").click();\ncy.get(\"#show_messages\").should(\"not.be.visible\");",
              "err": {
                "message": "AssertionError: Timed out retrying after 4000ms: expected '<span#show_messages.highlight>' not to be 'visible'",
                "estack": "AssertionError: Timed out retrying after 4000ms: expected '<span#show_messages.highlight>' not to be 'visible'\n    at Context.eval (webpack://browser-game/./cypress/e2e/websites/demo-bank/dashboard/quickPayment.cy.js:47:29)",
                "diff": null
              },
              "uuid": "3791789a-8c9b-458a-9956-d4d835c0069a",
              "parentUUID": "081ea541-4485-4b1a-8499-11c49176b452",
              "isHook": false,
              "skipped": false
            }
          ],
          "suites": [],
          "passes": [
            "9b57d553-9318-48f9-93c0-a15ac83df335",
            "70085124-4673-4545-8f40-bd8c43e54f56"
          ],
          "failures": [
            "c3226b75-7a70-491e-b3f1-c6966768128e",
            "fe69fbca-6c0c-4218-9514-f9650d43df68",
            "3791789a-8c9b-458a-9956-d4d835c0069a"
          ],
          "pending": [],
          "skipped": [],
          "duration": 21867,
          "root": false,
          "rootEmpty": false,
          "_timeout": 2000
        }
      ],
      "passes": [],
      "failures": [],
      "pending": [],
      "skipped": [],
      "duration": 0,
      "root": true,
      "rootEmpty": true,
      "_timeout": 2000
    }
  ],
  "meta": {
    "mocha": {
      "version": "7.0.1"
    },
    "mochawesome": {
      "options": {
        "quiet": false,
        "reportFilename": "mochawesome",
        "saveHtml": false,
        "saveJson": true,
        "consoleReporter": "spec",
        "useInlineDiffs": false,
        "code": true
      },
      "version": "7.1.3"
    },
    "marge": {
      "options": {
        "reportDir": "cypress\\reports\\.jsons",
        "overwrite": false,
        "html": false,
        "json": true
      },
      "version": "6.2.0"
    }
  }
}